<?xml version="1.0" encoding="UTF-8"?>
<!-- Generated by org.testng.reporters.JUnitXMLReporter -->
<testsuite ignored="4" hostname="Doaas-MacBook-Pro.local" failures="1" tests="4" name="TestCases" time="22.14" errors="0" timestamp="2020-05-24T13:31:45 EET">
  <testcase classname="tests.SeleniumSearchTest" name="SeleniumSearch" time="5.046">
    <failure type="java.lang.AssertionError">
      <![CDATA[java.lang.AssertionError: 
at tests.SeleniumSearchTest.SeleniumSearch(SeleniumSearchTest.java:31)
at java.base/java.util.ArrayList.forEach(ArrayList.java:1507)
... Removed 30 stack frames]]>
    </failure>
  </testcase> <!-- SeleniumSearch -->
  <testcase classname="tests.uploadimage" name="upload" time="4.239"/>
  <testcase classname="tests.waitTest" name="waitText" time="6.14"/>
  <testcase classname="tests.CatFactAPI" name="getCatFact" time="2.335"/>
  <testcase classname="tests.TestBase" name="@BeforeTest startDriver" time="0.0">
    <ignored/>
  </testcase> <!-- @BeforeTest startDriver -->
  <testcase classname="tests.TestBase" name="@BeforeTest startDriver" time="0.0">
    <ignored/>
  </testcase> <!-- @BeforeTest startDriver -->
  <testcase classname="tests.TestBase" name="@AfterTest stopDriver" time="0.0">
    <ignored/>
  </testcase> <!-- @AfterTest stopDriver -->
  <testcase classname="tests.TestBase" name="@AfterTest stopDriver" time="0.0">
    <ignored/>
  </testcase> <!-- @AfterTest stopDriver -->
</testsuite> <!-- TestCases -->
