<?xml version="1.0" encoding="UTF-8"?>
<!-- Generated by org.testng.reporters.JUnitXMLReporter -->
<testsuite ignored="0" hostname="Doaas-MacBook-Pro.local" failures="1" tests="1" name="Test" time="12.208" errors="0" timestamp="2020-05-21T01:37:47 EET">
  <testcase classname="tests.SeleniumSearchTest" name="SeleniumSearch" time="9.325">
    <failure type="java.lang.AssertionError" message="expected [true] but found [false]">
      <![CDATA[java.lang.AssertionError: expected [true] but found [false]
at tests.SeleniumSearchTest.SeleniumSearch(SeleniumSearchTest.java:19)
at java.base/java.util.ArrayList.forEach(ArrayList.java:1507)
... Removed 31 stack frames]]>
    </failure>
  </testcase> <!-- SeleniumSearch -->
</testsuite> <!-- Test -->
