<?xml version="1.0" encoding="UTF-8"?>
<testng-results ignored="4" total="8" passed="3" failed="1" skipped="0">
  <reporter-output>
  </reporter-output>
  <suite started-at="2020-05-24T13:31:22 EET" name="Terkwaz Assignment" finished-at="2020-05-24T13:31:45 EET" duration-ms="22140">
    <groups>
    </groups>
    <test started-at="2020-05-24T13:31:22 EET" name="TestCases" finished-at="2020-05-24T13:31:45 EET" duration-ms="22140">
      <class name="tests.CatFactAPI">
        <test-method signature="getCatFact()[pri:0, instance:tests.CatFactAPI@5f9b2141]" started-at="2020-05-24T13:31:42 EET" name="getCatFact" finished-at="2020-05-24T13:31:44 EET" duration-ms="2335" status="PASS">
          <reporter-output>
          </reporter-output>
        </test-method> <!-- getCatFact -->
      </class> <!-- tests.CatFactAPI -->
      <class name="tests.uploadimage">
        <test-method signature="upload()[pri:0, instance:tests.uploadimage@15bbf42f]" started-at="2020-05-24T13:31:32 EET" name="upload" finished-at="2020-05-24T13:31:36 EET" duration-ms="4239" status="PASS">
          <reporter-output>
          </reporter-output>
        </test-method> <!-- upload -->
        <test-method is-config="true" signature="Failurescreenshot(org.testng.ITestResult)[pri:0, instance:tests.uploadimage@15bbf42f]" started-at="2020-05-24T13:31:36 EET" name="Failurescreenshot" finished-at="2020-05-24T13:31:36 EET" duration-ms="0" status="PASS">
          <params>
            <param index="0">
              <value>
                <![CDATA[[TestResult name=upload status=SUCCESS method=uploadimage.upload()[pri:0, instance:tests.uploadimage@15bbf42f] output={null}]]]>
              </value>
            </param>
          </params>
          <reporter-output>
          </reporter-output>
        </test-method> <!-- Failurescreenshot -->
      </class> <!-- tests.uploadimage -->
      <class name="tests.waitTest">
        <test-method signature="waitText()[pri:0, instance:tests.waitTest@550ee7e5]" started-at="2020-05-24T13:31:36 EET" name="waitText" finished-at="2020-05-24T13:31:42 EET" duration-ms="6140" status="PASS">
          <reporter-output>
          </reporter-output>
        </test-method> <!-- waitText -->
        <test-method is-config="true" signature="Failurescreenshot(org.testng.ITestResult)[pri:0, instance:tests.waitTest@550ee7e5]" started-at="2020-05-24T13:31:42 EET" name="Failurescreenshot" finished-at="2020-05-24T13:31:42 EET" duration-ms="0" status="PASS">
          <params>
            <param index="0">
              <value>
                <![CDATA[[TestResult name=waitText status=SUCCESS method=waitTest.waitText()[pri:0, instance:tests.waitTest@550ee7e5] output={null}]]]>
              </value>
            </param>
          </params>
          <reporter-output>
          </reporter-output>
        </test-method> <!-- Failurescreenshot -->
      </class> <!-- tests.waitTest -->
      <class name="tests.SeleniumSearchTest">
        <test-method is-config="true" signature="startDriver(java.lang.String)[pri:0, instance:tests.SeleniumSearchTest@2dde1bff]" started-at="2020-05-24T13:31:22 EET" name="startDriver" finished-at="2020-05-24T13:31:26 EET" duration-ms="3331" status="PASS">
          <params>
            <param index="0">
              <value>
                <![CDATA[chrome]]>
              </value>
            </param>
          </params>
          <reporter-output>
          </reporter-output>
        </test-method> <!-- startDriver -->
        <test-method signature="SeleniumSearch()[pri:0, instance:tests.SeleniumSearchTest@2dde1bff]" started-at="2020-05-24T13:31:26 EET" name="SeleniumSearch" finished-at="2020-05-24T13:31:31 EET" duration-ms="5046" status="FAIL">
          <exception class="java.lang.AssertionError">
            <full-stacktrace>
              <![CDATA[java.lang.AssertionError: 
at org.testng.AssertJUnit.fail(AssertJUnit.java:47)
at org.testng.AssertJUnit.assertTrue(AssertJUnit.java:20)
at org.testng.AssertJUnit.assertTrue(AssertJUnit.java:26)
at tests.SeleniumSearchTest.SeleniumSearch(SeleniumSearchTest.java:31)
at java.base/jdk.internal.reflect.NativeMethodAccessorImpl.invoke0(Native Method)
at java.base/jdk.internal.reflect.NativeMethodAccessorImpl.invoke(NativeMethodAccessorImpl.java:62)
at java.base/jdk.internal.reflect.DelegatingMethodAccessorImpl.invoke(DelegatingMethodAccessorImpl.java:43)
at java.base/java.lang.reflect.Method.invoke(Method.java:567)
at org.testng.internal.MethodInvocationHelper.invokeMethod(MethodInvocationHelper.java:134)
at org.testng.internal.TestInvoker.invokeMethod(TestInvoker.java:597)
at org.testng.internal.TestInvoker.invokeTestMethod(TestInvoker.java:173)
at org.testng.internal.MethodRunner.runInSequence(MethodRunner.java:46)
at org.testng.internal.TestInvoker$MethodInvocationAgent.invoke(TestInvoker.java:816)
at org.testng.internal.TestInvoker.invokeTestMethods(TestInvoker.java:146)
at org.testng.internal.TestMethodWorker.invokeTestMethods(TestMethodWorker.java:146)
at org.testng.internal.TestMethodWorker.run(TestMethodWorker.java:128)
at java.base/java.util.ArrayList.forEach(ArrayList.java:1507)
at org.testng.TestRunner.privateRun(TestRunner.java:766)
at org.testng.TestRunner.run(TestRunner.java:587)
at org.testng.SuiteRunner.runTest(SuiteRunner.java:384)
at org.testng.SuiteRunner.runSequentially(SuiteRunner.java:378)
at org.testng.SuiteRunner.privateRun(SuiteRunner.java:337)
at org.testng.SuiteRunner.run(SuiteRunner.java:286)
at org.testng.SuiteRunnerWorker.runSuite(SuiteRunnerWorker.java:53)
at org.testng.SuiteRunnerWorker.run(SuiteRunnerWorker.java:96)
at org.testng.TestNG.runSuitesSequentially(TestNG.java:1187)
at org.testng.TestNG.runSuitesLocally(TestNG.java:1109)
at org.testng.TestNG.runSuites(TestNG.java:1039)
at org.testng.TestNG.run(TestNG.java:1007)
at org.testng.remote.AbstractRemoteTestNG.run(AbstractRemoteTestNG.java:115)
at org.testng.remote.RemoteTestNG.initAndRun(RemoteTestNG.java:251)
at org.testng.remote.RemoteTestNG.main(RemoteTestNG.java:77)
]]>
            </full-stacktrace>
          </exception> <!-- java.lang.AssertionError -->
          <reporter-output>
          </reporter-output>
        </test-method> <!-- SeleniumSearch -->
        <test-method is-config="true" signature="Failurescreenshot(org.testng.ITestResult)[pri:0, instance:tests.SeleniumSearchTest@2dde1bff]" started-at="2020-05-24T13:31:31 EET" name="Failurescreenshot" finished-at="2020-05-24T13:31:32 EET" duration-ms="629" status="PASS">
          <params>
            <param index="0">
              <value>
                <![CDATA[[TestResult name=SeleniumSearch status=FAILURE method=SeleniumSearchTest.SeleniumSearch()[pri:0, instance:tests.SeleniumSearchTest@2dde1bff] output={null}]]]>
              </value>
            </param>
          </params>
          <reporter-output>
          </reporter-output>
        </test-method> <!-- Failurescreenshot -->
        <test-method is-config="true" signature="stopDriver()[pri:0, instance:tests.SeleniumSearchTest@2dde1bff]" started-at="2020-05-24T13:31:44 EET" name="stopDriver" finished-at="2020-05-24T13:31:45 EET" duration-ms="201" status="PASS">
          <reporter-output>
          </reporter-output>
        </test-method> <!-- stopDriver -->
      </class> <!-- tests.SeleniumSearchTest -->
    </test> <!-- TestCases -->
  </suite> <!-- Terkwaz Assignment -->
</testng-results>
